<?xml version="1.0" encoding="UTF-8"?>
<testng-results ignored="0" total="1" passed="1" failed="0" skipped="0">
  <reporter-output>
  </reporter-output>
  <suite started-at="2019-11-01T01:16:47 EDT" name="Default suite" finished-at="2019-11-01T01:17:10 EDT" duration-ms="22754">
    <groups>
    </groups>
    <test started-at="2019-11-01T01:16:47 EDT" name="Default test" finished-at="2019-11-01T01:17:10 EDT" duration-ms="22754">
      <class name="com.crm.qa.testcases.LoginPageTest">
        <test-method is-config="true" signature="setUp()[pri:0, instance:com.crm.qa.testcases.LoginPageTest@5db250b4]" started-at="2019-11-01T01:16:47 EDT" name="setUp" finished-at="2019-11-01T01:16:55 EDT" duration-ms="7524" status="PASS">
          <reporter-output>
          </reporter-output>
        </test-method> <!-- setUp -->
        <test-method signature="logintest()[pri:3, instance:com.crm.qa.testcases.LoginPageTest@5db250b4]" started-at="2019-11-01T01:16:55 EDT" name="logintest" finished-at="2019-11-01T01:17:10 EDT" duration-ms="15180" status="PASS">
          <reporter-output>
          </reporter-output>
        </test-method> <!-- logintest -->
      </class> <!-- com.crm.qa.testcases.LoginPageTest -->
    </test> <!-- Default test -->
  </suite> <!-- Default suite -->
</testng-results>
